[2023-05-19 00:12:10] laravel.EMERGENCY: Unable to create configured logger. Using emergency logger. {"exception":"[object] (InvalidArgumentException(code: 0): Log [] is not defined. at /home/vagrant/noix/vendor/laravel/framework/src/Illuminate/Log/LogManager.php:212)
[stacktrace]
#0 /home/vagrant/noix/vendor/laravel/framework/src/Illuminate/Log/LogManager.php(137): Illuminate\\Log\\LogManager->resolve()
#1 /home/vagrant/noix/vendor/laravel/framework/src/Illuminate/Log/LogManager.php(124): Illuminate\\Log\\LogManager->get()
#2 /home/vagrant/noix/vendor/laravel/framework/src/Illuminate/Log/LogManager.php(667): Illuminate\\Log\\LogManager->driver()
#3 /home/vagrant/noix/vendor/laravel/framework/src/Illuminate/Foundation/Exceptions/Handler.php(274): Illuminate\\Log\\LogManager->error()
#4 /home/vagrant/noix/vendor/laravel/framework/src/Illuminate/Foundation/Http/Kernel.php(491): Illuminate\\Foundation\\Exceptions\\Handler->report()
#5 /home/vagrant/noix/vendor/laravel/framework/src/Illuminate/Foundation/Http/Kernel.php(146): Illuminate\\Foundation\\Http\\Kernel->reportException()
#6 /home/vagrant/noix/public/index.php(51): Illuminate\\Foundation\\Http\\Kernel->handle()
#7 {main}
"} 
[2023-05-19 00:12:10] laravel.ERROR: Class "App\Providers\RouteServiceProvider" not found {"exception":"[object] (Error(code: 0): Class \"App\\Providers\\RouteServiceProvider\" not found at /home/vagrant/noix/config/fortify.php:64)
[stacktrace]
#0 /home/vagrant/noix/vendor/laravel/framework/src/Illuminate/Foundation/Bootstrap/LoadConfiguration.php(70): require()
#1 /home/vagrant/noix/vendor/laravel/framework/src/Illuminate/Foundation/Bootstrap/LoadConfiguration.php(39): Illuminate\\Foundation\\Bootstrap\\LoadConfiguration->loadConfigurationFiles()
#2 /home/vagrant/noix/vendor/laravel/framework/src/Illuminate/Foundation/Application.php(261): Illuminate\\Foundation\\Bootstrap\\LoadConfiguration->bootstrap()
#3 /home/vagrant/noix/vendor/laravel/framework/src/Illuminate/Foundation/Http/Kernel.php(186): Illuminate\\Foundation\\Application->bootstrapWith()
#4 /home/vagrant/noix/vendor/laravel/framework/src/Illuminate/Foundation/Http/Kernel.php(170): Illuminate\\Foundation\\Http\\Kernel->bootstrap()
#5 /home/vagrant/noix/vendor/laravel/framework/src/Illuminate/Foundation/Http/Kernel.php(144): Illuminate\\Foundation\\Http\\Kernel->sendRequestThroughRouter()
#6 /home/vagrant/noix/public/index.php(51): Illuminate\\Foundation\\Http\\Kernel->handle()
#7 {main}
"} 
