[2023-02-20 18:50:48 $11772.0]	INFO	Server is reloading all workers now
[2023-02-20 18:50:53 $11772.0]	INFO	Server is reloading all workers now
[2023-02-20 18:50:58 $11772.0]	INFO	Server is reloading all workers now
[2023-02-20 18:51:14 *12149.3]	NOTICE	ProcessFactory::end() (ERRNO 1005): session#7 does not exists
[2023-02-20 18:52:12 *12150.2]	NOTICE	ProcessFactory::end() (ERRNO 1005): session#9 does not exists
[2023-02-20 18:52:15 *12150.2]	NOTICE	ProcessFactory::end() (ERRNO 1005): session#10 does not exists
[2023-02-20 19:02:21 $11772.0]	INFO	Server is reloading all workers now
[2023-02-20 19:02:23 #11770.4]	INFO	Server is shutdown now
[2023-02-20 19:02:23 #11770.4]	WARNING	ReactorEpoll::del() (ERRNO 800): failed to delete events[fd=6, fd_type=1], it has already been removed
[2023-02-20 19:02:23 #11770.4]	INFO	Server is shutdown now
[2023-02-20 19:02:23 #11770.4]	WARNING	ReactorEpoll::del() (ERRNO 800): failed to delete events[fd=6, fd_type=1], it has already been removed
[2023-02-20 19:02:23 #11770.4]	INFO	Server is shutdown now
[2023-02-20 19:02:23 #11770.4]	WARNING	ReactorEpoll::del() (ERRNO 800): failed to delete events[fd=6, fd_type=1], it has already been removed
[2023-02-20 19:02:23 #11770.4]	INFO	Server is shutdown now
[2023-02-20 19:02:23 ^13261.7]	WARNING	Server::reply_task_result(): Server::finish() can only be used in the worker process
[2023-02-20 19:02:23 #11770.4]	WARNING	ReactorEpoll::del() (ERRNO 800): failed to delete events[fd=6, fd_type=1], it has already been removed
[2023-02-20 19:02:23 #11770.4]	INFO	Server is shutdown now
[2023-02-20 19:02:23 #11770.4]	WARNING	ReactorEpoll::del() (ERRNO 800): failed to delete events[fd=6, fd_type=1], it has already been removed
[2023-02-20 19:02:23 #11770.4]	INFO	Server is shutdown now
[2023-02-20 19:02:23 #11770.4]	WARNING	ReactorEpoll::del() (ERRNO 800): failed to delete events[fd=6, fd_type=1], it has already been removed
[2023-02-20 19:02:23 #11770.4]	INFO	Server is shutdown now
[2023-02-20 19:02:23 #11770.4]	WARNING	ReactorEpoll::del() (ERRNO 800): failed to delete events[fd=6, fd_type=1], it has already been removed
[2023-02-20 19:02:23 #11770.4]	INFO	Server is shutdown now
[2023-02-20 19:02:23 #11770.4]	WARNING	ReactorEpoll::del() (ERRNO 800): failed to delete events[fd=6, fd_type=1], it has already been removed
[2023-02-20 19:02:23 #11770.4]	INFO	Server is shutdown now
[2023-02-20 19:02:23 #11770.4]	WARNING	ReactorEpoll::del() (ERRNO 800): failed to delete events[fd=6, fd_type=1], it has already been removed
[2023-02-20 19:02:23 #11770.4]	INFO	Server is shutdown now
[2023-02-20 19:02:23 #11770.4]	WARNING	ReactorEpoll::del() (ERRNO 800): failed to delete events[fd=6, fd_type=1], it has already been removed
[2023-02-20 19:02:23 #11770.4]	INFO	Server is shutdown now
